This file contains any messages produced by compilers while
running configure, to aid debugging if configure makes a mistake.

It was created by configure, which was
generated by GNU Autoconf 2.69.  Invocation command line was

  $ /home/mark-lee/h2o/deps/mruby-file-stat/configure 

## --------- ##
## Platform. ##
## --------- ##

hostname = marklee-ubuntu
uname -m = x86_64
uname -r = 4.4.24
uname -s = Linux
uname -v = #3 SMP Thu Oct 13 20:27:01 CST 2016

/usr/bin/uname -p = unknown
/bin/uname -X     = unknown

/bin/arch              = unknown
/usr/bin/arch -k       = unknown
/usr/convex/getsysinfo = unknown
/usr/bin/hostinfo      = unknown
/bin/machine           = unknown
/usr/bin/oslevel       = unknown
/bin/universe          = unknown

PATH: /home/mark-lee/bin
PATH: /home/mark-lee/.local/bin
PATH: /home/mark-lee/bin
PATH: /home/mark-lee/.local/bin
PATH: /usr/local/sbin
PATH: /usr/local/bin
PATH: /usr/sbin
PATH: /usr/bin
PATH: /sbin
PATH: /bin
PATH: /usr/games
PATH: /usr/local/games
PATH: /snap/bin
PATH: /usr/lib/jvm/java-8-oracle/bin
PATH: /usr/lib/jvm/java-8-oracle/db/bin
PATH: /usr/lib/jvm/java-8-oracle/jre/bin
PATH: /snap/bin
PATH: /usr/lib/jvm/java-8-oracle/bin
PATH: /usr/lib/jvm/java-8-oracle/db/bin
PATH: /usr/lib/jvm/java-8-oracle/jre/bin


## ----------- ##
## Core tests. ##
## ----------- ##

configure:2096: checking for gcc
configure:2123: result: gcc -g -std=gnu99 -O3 -Wall -Werror-implicit-function-declaration -Wdeclaration-after-statement -Wwrite-strings
configure:2352: checking for C compiler version
configure:2361: gcc -g -std=gnu99 -O3 -Wall -Werror-implicit-function-declaration -Wdeclaration-after-statement -Wwrite-strings --version >&5
gcc (Ubuntu 5.4.1-2ubuntu1~16.04) 5.4.1 20160904
Copyright (C) 2015 Free Software Foundation, Inc.
This is free software; see the source for copying conditions.  There is NO
warranty; not even for MERCHANTABILITY or FITNESS FOR A PARTICULAR PURPOSE.

configure:2372: $? = 0
configure:2361: gcc -g -std=gnu99 -O3 -Wall -Werror-implicit-function-declaration -Wdeclaration-after-statement -Wwrite-strings -v >&5
Using built-in specs.
COLLECT_GCC=gcc
COLLECT_LTO_WRAPPER=/usr/lib/gcc/x86_64-linux-gnu/5/lto-wrapper
Target: x86_64-linux-gnu
Configured with: ../src/configure -v --with-pkgversion='Ubuntu 5.4.1-2ubuntu1~16.04' --with-bugurl=file:///usr/share/doc/gcc-5/README.Bugs --enable-languages=c,ada,c++,java,go,d,fortran,objc,obj-c++ --prefix=/usr --program-suffix=-5 --enable-shared --enable-linker-build-id --libexecdir=/usr/lib --without-included-gettext --enable-threads=posix --libdir=/usr/lib --enable-nls --with-sysroot=/ --enable-clocale=gnu --enable-libstdcxx-debug --enable-libstdcxx-time=yes --with-default-libstdcxx-abi=new --enable-gnu-unique-object --disable-vtable-verify --enable-libmpx --enable-plugin --with-system-zlib --disable-browser-plugin --enable-java-awt=gtk --enable-gtk-cairo --with-java-home=/usr/lib/jvm/java-1.5.0-gcj-5-amd64/jre --enable-java-home --with-jvm-root-dir=/usr/lib/jvm/java-1.5.0-gcj-5-amd64 --with-jvm-jar-dir=/usr/lib/jvm-exports/java-1.5.0-gcj-5-amd64 --with-arch-directory=amd64 --with-ecj-jar=/usr/share/java/eclipse-ecj.jar --enable-objc-gc --enable-multiarch --disable-werror --with-arch-32=i686 --with-abi=m64 --with-multilib-list=m32,m64,mx32 --enable-multilib --with-tune=generic --enable-checking=release --build=x86_64-linux-gnu --host=x86_64-linux-gnu --target=x86_64-linux-gnu
Thread model: posix
gcc version 5.4.1 20160904 (Ubuntu 5.4.1-2ubuntu1~16.04) 
configure:2372: $? = 0
configure:2361: gcc -g -std=gnu99 -O3 -Wall -Werror-implicit-function-declaration -Wdeclaration-after-statement -Wwrite-strings -V >&5
gcc: error: unrecognized command line option '-V'
gcc: fatal error: no input files
compilation terminated.
configure:2372: $? = 1
configure:2361: gcc -g -std=gnu99 -O3 -Wall -Werror-implicit-function-declaration -Wdeclaration-after-statement -Wwrite-strings -qversion >&5
gcc: error: unrecognized command line option '-qversion'
gcc: fatal error: no input files
compilation terminated.
configure:2372: $? = 1
configure:2392: checking whether the C compiler works
configure:2414: gcc -g -std=gnu99 -O3 -Wall -Werror-implicit-function-declaration -Wdeclaration-after-statement -Wwrite-strings    conftest.c  >&5
configure:2418: $? = 0
configure:2466: result: yes
configure:2469: checking for C compiler default output file name
configure:2471: result: a.out
configure:2477: checking for suffix of executables
configure:2484: gcc -g -std=gnu99 -O3 -Wall -Werror-implicit-function-declaration -Wdeclaration-after-statement -Wwrite-strings -o conftest    conftest.c  >&5
configure:2488: $? = 0
configure:2510: result: 
configure:2532: checking whether we are cross compiling
configure:2540: gcc -g -std=gnu99 -O3 -Wall -Werror-implicit-function-declaration -Wdeclaration-after-statement -Wwrite-strings -o conftest    conftest.c  >&5
configure:2544: $? = 0
configure:2551: ./conftest
configure:2555: $? = 0
configure:2570: result: no
configure:2575: checking for suffix of object files
configure:2597: gcc -g -std=gnu99 -O3 -Wall -Werror-implicit-function-declaration -Wdeclaration-after-statement -Wwrite-strings -c   conftest.c >&5
configure:2601: $? = 0
configure:2622: result: o
configure:2626: checking whether we are using the GNU C compiler
configure:2645: gcc -g -std=gnu99 -O3 -Wall -Werror-implicit-function-declaration -Wdeclaration-after-statement -Wwrite-strings -c   conftest.c >&5
configure:2645: $? = 0
configure:2654: result: yes
configure:2663: checking whether gcc -g -std=gnu99 -O3 -Wall -Werror-implicit-function-declaration -Wdeclaration-after-statement -Wwrite-strings accepts -g
configure:2683: gcc -g -std=gnu99 -O3 -Wall -Werror-implicit-function-declaration -Wdeclaration-after-statement -Wwrite-strings -c -g  conftest.c >&5
configure:2683: $? = 0
configure:2724: result: yes
configure:2741: checking for gcc -g -std=gnu99 -O3 -Wall -Werror-implicit-function-declaration -Wdeclaration-after-statement -Wwrite-strings option to accept ISO C89
configure:2804: gcc -g -std=gnu99 -O3 -Wall -Werror-implicit-function-declaration -Wdeclaration-after-statement -Wwrite-strings  -c -g -O2  conftest.c >&5
configure:2804: $? = 0
configure:2817: result: none needed
configure:2848: checking how to run the C preprocessor
configure:2879: gcc -g -std=gnu99 -O3 -Wall -Werror-implicit-function-declaration -Wdeclaration-after-statement -Wwrite-strings -E  conftest.c
configure:2879: $? = 0
configure:2893: gcc -g -std=gnu99 -O3 -Wall -Werror-implicit-function-declaration -Wdeclaration-after-statement -Wwrite-strings -E  conftest.c
conftest.c:9:28: fatal error: ac_nonexistent.h: No such file or directory
compilation terminated.
configure:2893: $? = 1
configure: failed program was:
| /* confdefs.h */
| #define PACKAGE_NAME ""
| #define PACKAGE_TARNAME ""
| #define PACKAGE_VERSION ""
| #define PACKAGE_STRING ""
| #define PACKAGE_BUGREPORT ""
| #define PACKAGE_URL ""
| /* end confdefs.h.  */
| #include <ac_nonexistent.h>
configure:2918: result: gcc -g -std=gnu99 -O3 -Wall -Werror-implicit-function-declaration -Wdeclaration-after-statement -Wwrite-strings -E
configure:2938: gcc -g -std=gnu99 -O3 -Wall -Werror-implicit-function-declaration -Wdeclaration-after-statement -Wwrite-strings -E  conftest.c
configure:2938: $? = 0
configure:2952: gcc -g -std=gnu99 -O3 -Wall -Werror-implicit-function-declaration -Wdeclaration-after-statement -Wwrite-strings -E  conftest.c
conftest.c:9:28: fatal error: ac_nonexistent.h: No such file or directory
compilation terminated.
configure:2952: $? = 1
configure: failed program was:
| /* confdefs.h */
| #define PACKAGE_NAME ""
| #define PACKAGE_TARNAME ""
| #define PACKAGE_VERSION ""
| #define PACKAGE_STRING ""
| #define PACKAGE_BUGREPORT ""
| #define PACKAGE_URL ""
| /* end confdefs.h.  */
| #include <ac_nonexistent.h>
configure:2981: checking for grep that handles long lines and -e
configure:3039: result: /bin/grep
configure:3044: checking for egrep
configure:3106: result: /bin/grep -E
configure:3111: checking for ANSI C header files
configure:3131: gcc -g -std=gnu99 -O3 -Wall -Werror-implicit-function-declaration -Wdeclaration-after-statement -Wwrite-strings -c -g -O2  conftest.c >&5
configure:3131: $? = 0
configure:3204: gcc -g -std=gnu99 -O3 -Wall -Werror-implicit-function-declaration -Wdeclaration-after-statement -Wwrite-strings -o conftest -g -O2   conftest.c  >&5
configure:3204: $? = 0
configure:3204: ./conftest
configure:3204: $? = 0
configure:3215: result: yes
configure:3228: checking for sys/types.h
configure:3228: gcc -g -std=gnu99 -O3 -Wall -Werror-implicit-function-declaration -Wdeclaration-after-statement -Wwrite-strings -c -g -O2  conftest.c >&5
configure:3228: $? = 0
configure:3228: result: yes
configure:3228: checking for sys/stat.h
configure:3228: gcc -g -std=gnu99 -O3 -Wall -Werror-implicit-function-declaration -Wdeclaration-after-statement -Wwrite-strings -c -g -O2  conftest.c >&5
configure:3228: $? = 0
configure:3228: result: yes
configure:3228: checking for stdlib.h
configure:3228: gcc -g -std=gnu99 -O3 -Wall -Werror-implicit-function-declaration -Wdeclaration-after-statement -Wwrite-strings -c -g -O2  conftest.c >&5
configure:3228: $? = 0
configure:3228: result: yes
configure:3228: checking for string.h
configure:3228: gcc -g -std=gnu99 -O3 -Wall -Werror-implicit-function-declaration -Wdeclaration-after-statement -Wwrite-strings -c -g -O2  conftest.c >&5
configure:3228: $? = 0
configure:3228: result: yes
configure:3228: checking for memory.h
configure:3228: gcc -g -std=gnu99 -O3 -Wall -Werror-implicit-function-declaration -Wdeclaration-after-statement -Wwrite-strings -c -g -O2  conftest.c >&5
configure:3228: $? = 0
configure:3228: result: yes
configure:3228: checking for strings.h
configure:3228: gcc -g -std=gnu99 -O3 -Wall -Werror-implicit-function-declaration -Wdeclaration-after-statement -Wwrite-strings -c -g -O2  conftest.c >&5
configure:3228: $? = 0
configure:3228: result: yes
configure:3228: checking for inttypes.h
configure:3228: gcc -g -std=gnu99 -O3 -Wall -Werror-implicit-function-declaration -Wdeclaration-after-statement -Wwrite-strings -c -g -O2  conftest.c >&5
configure:3228: $? = 0
configure:3228: result: yes
configure:3228: checking for stdint.h
configure:3228: gcc -g -std=gnu99 -O3 -Wall -Werror-implicit-function-declaration -Wdeclaration-after-statement -Wwrite-strings -c -g -O2  conftest.c >&5
configure:3228: $? = 0
configure:3228: result: yes
configure:3228: checking for unistd.h
configure:3228: gcc -g -std=gnu99 -O3 -Wall -Werror-implicit-function-declaration -Wdeclaration-after-statement -Wwrite-strings -c -g -O2  conftest.c >&5
configure:3228: $? = 0
configure:3228: result: yes
configure:3240: checking for struct stat.st_blksize
configure:3240: gcc -g -std=gnu99 -O3 -Wall -Werror-implicit-function-declaration -Wdeclaration-after-statement -Wwrite-strings -c -g -O2  conftest.c >&5
configure:3240: $? = 0
configure:3240: result: yes
configure:3250: checking for struct stat.st_blocks
configure:3250: gcc -g -std=gnu99 -O3 -Wall -Werror-implicit-function-declaration -Wdeclaration-after-statement -Wwrite-strings -c -g -O2  conftest.c >&5
configure:3250: $? = 0
configure:3250: result: yes
configure:3260: checking for struct stat.st_rdev
configure:3260: gcc -g -std=gnu99 -O3 -Wall -Werror-implicit-function-declaration -Wdeclaration-after-statement -Wwrite-strings -c -g -O2  conftest.c >&5
configure:3260: $? = 0
configure:3260: result: yes
configure:3270: checking for struct stat.st_birthtimespec
configure:3270: gcc -g -std=gnu99 -O3 -Wall -Werror-implicit-function-declaration -Wdeclaration-after-statement -Wwrite-strings -c -g -O2  conftest.c >&5
conftest.c: In function 'main':
conftest.c:59:12: error: 'struct stat' has no member named 'st_birthtimespec'
 if (ac_aggr.st_birthtimespec)
            ^
conftest.c:58:20: warning: variable 'ac_aggr' set but not used [-Wunused-but-set-variable]
 static struct stat ac_aggr;
                    ^
configure:3270: $? = 1
configure: failed program was:
| /* confdefs.h */
| #define PACKAGE_NAME ""
| #define PACKAGE_TARNAME ""
| #define PACKAGE_VERSION ""
| #define PACKAGE_STRING ""
| #define PACKAGE_BUGREPORT ""
| #define PACKAGE_URL ""
| #define STDC_HEADERS 1
| #define HAVE_SYS_TYPES_H 1
| #define HAVE_SYS_STAT_H 1
| #define HAVE_STDLIB_H 1
| #define HAVE_STRING_H 1
| #define HAVE_MEMORY_H 1
| #define HAVE_STRINGS_H 1
| #define HAVE_INTTYPES_H 1
| #define HAVE_STDINT_H 1
| #define HAVE_UNISTD_H 1
| #define HAVE_STRUCT_STAT_ST_BLKSIZE 1
| #define HAVE_STRUCT_STAT_ST_BLOCKS 1
| #define HAVE_STRUCT_STAT_ST_RDEV 1
| /* end confdefs.h.  */
| #include <stdio.h>
| #ifdef HAVE_SYS_TYPES_H
| # include <sys/types.h>
| #endif
| #ifdef HAVE_SYS_STAT_H
| # include <sys/stat.h>
| #endif
| #ifdef STDC_HEADERS
| # include <stdlib.h>
| # include <stddef.h>
| #else
| # ifdef HAVE_STDLIB_H
| #  include <stdlib.h>
| # endif
| #endif
| #ifdef HAVE_STRING_H
| # if !defined STDC_HEADERS && defined HAVE_MEMORY_H
| #  include <memory.h>
| # endif
| # include <string.h>
| #endif
| #ifdef HAVE_STRINGS_H
| # include <strings.h>
| #endif
| #ifdef HAVE_INTTYPES_H
| # include <inttypes.h>
| #endif
| #ifdef HAVE_STDINT_H
| # include <stdint.h>
| #endif
| #ifdef HAVE_UNISTD_H
| # include <unistd.h>
| #endif
| int
| main ()
| {
| static struct stat ac_aggr;
| if (ac_aggr.st_birthtimespec)
| return 0;
|   ;
|   return 0;
| }
configure:3270: gcc -g -std=gnu99 -O3 -Wall -Werror-implicit-function-declaration -Wdeclaration-after-statement -Wwrite-strings -c -g -O2  conftest.c >&5
conftest.c: In function 'main':
conftest.c:59:19: error: 'struct stat' has no member named 'st_birthtimespec'
 if (sizeof ac_aggr.st_birthtimespec)
                   ^
conftest.c:58:20: warning: variable 'ac_aggr' set but not used [-Wunused-but-set-variable]
 static struct stat ac_aggr;
                    ^
configure:3270: $? = 1
configure: failed program was:
| /* confdefs.h */
| #define PACKAGE_NAME ""
| #define PACKAGE_TARNAME ""
| #define PACKAGE_VERSION ""
| #define PACKAGE_STRING ""
| #define PACKAGE_BUGREPORT ""
| #define PACKAGE_URL ""
| #define STDC_HEADERS 1
| #define HAVE_SYS_TYPES_H 1
| #define HAVE_SYS_STAT_H 1
| #define HAVE_STDLIB_H 1
| #define HAVE_STRING_H 1
| #define HAVE_MEMORY_H 1
| #define HAVE_STRINGS_H 1
| #define HAVE_INTTYPES_H 1
| #define HAVE_STDINT_H 1
| #define HAVE_UNISTD_H 1
| #define HAVE_STRUCT_STAT_ST_BLKSIZE 1
| #define HAVE_STRUCT_STAT_ST_BLOCKS 1
| #define HAVE_STRUCT_STAT_ST_RDEV 1
| /* end confdefs.h.  */
| #include <stdio.h>
| #ifdef HAVE_SYS_TYPES_H
| # include <sys/types.h>
| #endif
| #ifdef HAVE_SYS_STAT_H
| # include <sys/stat.h>
| #endif
| #ifdef STDC_HEADERS
| # include <stdlib.h>
| # include <stddef.h>
| #else
| # ifdef HAVE_STDLIB_H
| #  include <stdlib.h>
| # endif
| #endif
| #ifdef HAVE_STRING_H
| # if !defined STDC_HEADERS && defined HAVE_MEMORY_H
| #  include <memory.h>
| # endif
| # include <string.h>
| #endif
| #ifdef HAVE_STRINGS_H
| # include <strings.h>
| #endif
| #ifdef HAVE_INTTYPES_H
| # include <inttypes.h>
| #endif
| #ifdef HAVE_STDINT_H
| # include <stdint.h>
| #endif
| #ifdef HAVE_UNISTD_H
| # include <unistd.h>
| #endif
| int
| main ()
| {
| static struct stat ac_aggr;
| if (sizeof ac_aggr.st_birthtimespec)
| return 0;
|   ;
|   return 0;
| }
configure:3270: result: no
configure:3283: checking for getgroups
configure:3283: gcc -g -std=gnu99 -O3 -Wall -Werror-implicit-function-declaration -Wdeclaration-after-statement -Wwrite-strings -o conftest -g -O2   conftest.c  >&5
configure:3283: $? = 0
configure:3283: result: yes
configure:3294: checking for lstat
configure:3294: gcc -g -std=gnu99 -O3 -Wall -Werror-implicit-function-declaration -Wdeclaration-after-statement -Wwrite-strings -o conftest -g -O2   conftest.c  >&5
configure:3294: $? = 0
configure:3294: result: yes
configure:3418: creating ./config.status

## ---------------------- ##
## Running config.status. ##
## ---------------------- ##

This file was extended by config.status, which was
generated by GNU Autoconf 2.69.  Invocation command line was

  CONFIG_FILES    = 
  CONFIG_HEADERS  = 
  CONFIG_LINKS    = 
  CONFIG_COMMANDS = 
  $ ./config.status 

on marklee-ubuntu

config.status:679: creating config.h

## ---------------- ##
## Cache variables. ##
## ---------------- ##

ac_cv_c_compiler_gnu=yes
ac_cv_env_CC_set=set
ac_cv_env_CC_value='gcc -g -std=gnu99 -O3 -Wall -Werror-implicit-function-declaration -Wdeclaration-after-statement -Wwrite-strings'
ac_cv_env_CFLAGS_set=
ac_cv_env_CFLAGS_value=
ac_cv_env_CPPFLAGS_set=
ac_cv_env_CPPFLAGS_value=
ac_cv_env_CPP_set=
ac_cv_env_CPP_value=
ac_cv_env_LDFLAGS_set=
ac_cv_env_LDFLAGS_value=
ac_cv_env_LIBS_set=
ac_cv_env_LIBS_value=
ac_cv_env_build_alias_set=
ac_cv_env_build_alias_value=
ac_cv_env_host_alias_set=
ac_cv_env_host_alias_value=
ac_cv_env_target_alias_set=
ac_cv_env_target_alias_value=
ac_cv_func_getgroups=yes
ac_cv_func_lstat=yes
ac_cv_header_inttypes_h=yes
ac_cv_header_memory_h=yes
ac_cv_header_stdc=yes
ac_cv_header_stdint_h=yes
ac_cv_header_stdlib_h=yes
ac_cv_header_string_h=yes
ac_cv_header_strings_h=yes
ac_cv_header_sys_stat_h=yes
ac_cv_header_sys_types_h=yes
ac_cv_header_unistd_h=yes
ac_cv_member_struct_stat_st_birthtimespec=no
ac_cv_member_struct_stat_st_blksize=yes
ac_cv_member_struct_stat_st_blocks=yes
ac_cv_member_struct_stat_st_rdev=yes
ac_cv_objext=o
ac_cv_path_EGREP='/bin/grep -E'
ac_cv_path_GREP=/bin/grep
ac_cv_prog_CPP='gcc -g -std=gnu99 -O3 -Wall -Werror-implicit-function-declaration -Wdeclaration-after-statement -Wwrite-strings -E'
ac_cv_prog_ac_ct_CC='gcc -g -std=gnu99 -O3 -Wall -Werror-implicit-function-declaration -Wdeclaration-after-statement -Wwrite-strings'
ac_cv_prog_cc_c89=
ac_cv_prog_cc_g=yes

## ----------------- ##
## Output variables. ##
## ----------------- ##

CC='gcc -g -std=gnu99 -O3 -Wall -Werror-implicit-function-declaration -Wdeclaration-after-statement -Wwrite-strings'
CFLAGS='-g -O2'
CPP='gcc -g -std=gnu99 -O3 -Wall -Werror-implicit-function-declaration -Wdeclaration-after-statement -Wwrite-strings -E'
CPPFLAGS=''
DEFS='-DHAVE_CONFIG_H'
ECHO_C=''
ECHO_N='-n'
ECHO_T=''
EGREP='/bin/grep -E'
EXEEXT=''
GREP='/bin/grep'
LDFLAGS=''
LIBOBJS=''
LIBS=''
LTLIBOBJS=''
OBJEXT='o'
PACKAGE_BUGREPORT=''
PACKAGE_NAME=''
PACKAGE_STRING=''
PACKAGE_TARNAME=''
PACKAGE_URL=''
PACKAGE_VERSION=''
PATH_SEPARATOR=':'
SHELL='/bin/bash'
ac_ct_CC='gcc -g -std=gnu99 -O3 -Wall -Werror-implicit-function-declaration -Wdeclaration-after-statement -Wwrite-strings'
bindir='${exec_prefix}/bin'
build_alias=''
datadir='${datarootdir}'
datarootdir='${prefix}/share'
docdir='${datarootdir}/doc/${PACKAGE}'
dvidir='${docdir}'
exec_prefix='${prefix}'
host_alias=''
htmldir='${docdir}'
includedir='${prefix}/include'
infodir='${datarootdir}/info'
libdir='${exec_prefix}/lib'
libexecdir='${exec_prefix}/libexec'
localedir='${datarootdir}/locale'
localstatedir='${prefix}/var'
mandir='${datarootdir}/man'
oldincludedir='/usr/include'
pdfdir='${docdir}'
prefix='/usr/local'
program_transform_name='s,x,x,'
psdir='${docdir}'
sbindir='${exec_prefix}/sbin'
sharedstatedir='${prefix}/com'
sysconfdir='${prefix}/etc'
target_alias=''

## ----------- ##
## confdefs.h. ##
## ----------- ##

/* confdefs.h */
#define PACKAGE_NAME ""
#define PACKAGE_TARNAME ""
#define PACKAGE_VERSION ""
#define PACKAGE_STRING ""
#define PACKAGE_BUGREPORT ""
#define PACKAGE_URL ""
#define STDC_HEADERS 1
#define HAVE_SYS_TYPES_H 1
#define HAVE_SYS_STAT_H 1
#define HAVE_STDLIB_H 1
#define HAVE_STRING_H 1
#define HAVE_MEMORY_H 1
#define HAVE_STRINGS_H 1
#define HAVE_INTTYPES_H 1
#define HAVE_STDINT_H 1
#define HAVE_UNISTD_H 1
#define HAVE_STRUCT_STAT_ST_BLKSIZE 1
#define HAVE_STRUCT_STAT_ST_BLOCKS 1
#define HAVE_STRUCT_STAT_ST_RDEV 1
#define HAVE_GETGROUPS 1
#define HAVE_LSTAT 1

configure: exit 0
