Determining if the pthread_create exist failed with the following output:
Change Dir: /home/mark-lee/h2o/CMakeFiles/CMakeTmp

Run Build Command:"/usr/bin/make" "cmTC_70bbc/fast"
/usr/bin/make -f CMakeFiles/cmTC_70bbc.dir/build.make CMakeFiles/cmTC_70bbc.dir/build
make[1]: Entering directory '/home/mark-lee/h2o/CMakeFiles/CMakeTmp'
Building C object CMakeFiles/cmTC_70bbc.dir/CheckSymbolExists.c.o
/usr/bin/cc     -o CMakeFiles/cmTC_70bbc.dir/CheckSymbolExists.c.o   -c /home/mark-lee/h2o/CMakeFiles/CMakeTmp/CheckSymbolExists.c
Linking C executable cmTC_70bbc
/usr/bin/cmake -E cmake_link_script CMakeFiles/cmTC_70bbc.dir/link.txt --verbose=1
/usr/bin/cc       CMakeFiles/cmTC_70bbc.dir/CheckSymbolExists.c.o  -o cmTC_70bbc -rdynamic 
CMakeFiles/cmTC_70bbc.dir/CheckSymbolExists.c.o: In function `main':
CheckSymbolExists.c:(.text+0x16): undefined reference to `pthread_create'
collect2: error: ld returned 1 exit status
CMakeFiles/cmTC_70bbc.dir/build.make:97: recipe for target 'cmTC_70bbc' failed
make[1]: *** [cmTC_70bbc] Error 1
make[1]: Leaving directory '/home/mark-lee/h2o/CMakeFiles/CMakeTmp'
Makefile:126: recipe for target 'cmTC_70bbc/fast' failed
make: *** [cmTC_70bbc/fast] Error 2

File /home/mark-lee/h2o/CMakeFiles/CMakeTmp/CheckSymbolExists.c:
/* */
#include <pthread.h>

int main(int argc, char** argv)
{
  (void)argv;
#ifndef pthread_create
  return ((int*)(&pthread_create))[argc];
#else
  (void)argc;
  return 0;
#endif
}

Determining if the function pthread_create exists in the pthreads failed with the following output:
Change Dir: /home/mark-lee/h2o/CMakeFiles/CMakeTmp

Run Build Command:"/usr/bin/make" "cmTC_acb77/fast"
/usr/bin/make -f CMakeFiles/cmTC_acb77.dir/build.make CMakeFiles/cmTC_acb77.dir/build
make[1]: Entering directory '/home/mark-lee/h2o/CMakeFiles/CMakeTmp'
Building C object CMakeFiles/cmTC_acb77.dir/CheckFunctionExists.c.o
/usr/bin/cc    -DCHECK_FUNCTION_EXISTS=pthread_create   -o CMakeFiles/cmTC_acb77.dir/CheckFunctionExists.c.o   -c /usr/share/cmake-3.5/Modules/CheckFunctionExists.c
Linking C executable cmTC_acb77
/usr/bin/cmake -E cmake_link_script CMakeFiles/cmTC_acb77.dir/link.txt --verbose=1
/usr/bin/cc   -DCHECK_FUNCTION_EXISTS=pthread_create    CMakeFiles/cmTC_acb77.dir/CheckFunctionExists.c.o  -o cmTC_acb77 -rdynamic -lpthreads 
/usr/bin/ld: cannot find -lpthreads
collect2: error: ld returned 1 exit status
CMakeFiles/cmTC_acb77.dir/build.make:97: recipe for target 'cmTC_acb77' failed
make[1]: *** [cmTC_acb77] Error 1
make[1]: Leaving directory '/home/mark-lee/h2o/CMakeFiles/CMakeTmp'
Makefile:126: recipe for target 'cmTC_acb77/fast' failed
make: *** [cmTC_acb77/fast] Error 2


Determining if the pthread_create exist failed with the following output:
Change Dir: /home/mark-lee/seckill/CMakeFiles/CMakeTmp

Run Build Command:"/usr/bin/make" "cmTC_d3b09/fast"
/usr/bin/make -f CMakeFiles/cmTC_d3b09.dir/build.make CMakeFiles/cmTC_d3b09.dir/build
make[1]: Entering directory '/home/mark-lee/seckill/CMakeFiles/CMakeTmp'
Building C object CMakeFiles/cmTC_d3b09.dir/CheckSymbolExists.c.o
/usr/bin/cc     -o CMakeFiles/cmTC_d3b09.dir/CheckSymbolExists.c.o   -c /home/mark-lee/seckill/CMakeFiles/CMakeTmp/CheckSymbolExists.c
Linking C executable cmTC_d3b09
/usr/bin/cmake -E cmake_link_script CMakeFiles/cmTC_d3b09.dir/link.txt --verbose=1
/usr/bin/cc       CMakeFiles/cmTC_d3b09.dir/CheckSymbolExists.c.o  -o cmTC_d3b09 -rdynamic 
CMakeFiles/cmTC_d3b09.dir/CheckSymbolExists.c.o: In function `main':
CheckSymbolExists.c:(.text+0x16): undefined reference to `pthread_create'
collect2: error: ld returned 1 exit status
CMakeFiles/cmTC_d3b09.dir/build.make:97: recipe for target 'cmTC_d3b09' failed
make[1]: *** [cmTC_d3b09] Error 1
make[1]: Leaving directory '/home/mark-lee/seckill/CMakeFiles/CMakeTmp'
Makefile:126: recipe for target 'cmTC_d3b09/fast' failed
make: *** [cmTC_d3b09/fast] Error 2

File /home/mark-lee/seckill/CMakeFiles/CMakeTmp/CheckSymbolExists.c:
/* */
#include <pthread.h>

int main(int argc, char** argv)
{
  (void)argv;
#ifndef pthread_create
  return ((int*)(&pthread_create))[argc];
#else
  (void)argc;
  return 0;
#endif
}

Determining if the function pthread_create exists in the pthreads failed with the following output:
Change Dir: /home/mark-lee/seckill/CMakeFiles/CMakeTmp

Run Build Command:"/usr/bin/make" "cmTC_9d1a2/fast"
/usr/bin/make -f CMakeFiles/cmTC_9d1a2.dir/build.make CMakeFiles/cmTC_9d1a2.dir/build
make[1]: Entering directory '/home/mark-lee/seckill/CMakeFiles/CMakeTmp'
Building C object CMakeFiles/cmTC_9d1a2.dir/CheckFunctionExists.c.o
/usr/bin/cc    -DCHECK_FUNCTION_EXISTS=pthread_create   -o CMakeFiles/cmTC_9d1a2.dir/CheckFunctionExists.c.o   -c /usr/share/cmake-3.5/Modules/CheckFunctionExists.c
Linking C executable cmTC_9d1a2
/usr/bin/cmake -E cmake_link_script CMakeFiles/cmTC_9d1a2.dir/link.txt --verbose=1
/usr/bin/cc   -DCHECK_FUNCTION_EXISTS=pthread_create    CMakeFiles/cmTC_9d1a2.dir/CheckFunctionExists.c.o  -o cmTC_9d1a2 -rdynamic -lpthreads 
/usr/bin/ld: cannot find -lpthreads
collect2: error: ld returned 1 exit status
CMakeFiles/cmTC_9d1a2.dir/build.make:97: recipe for target 'cmTC_9d1a2' failed
make[1]: *** [cmTC_9d1a2] Error 1
make[1]: Leaving directory '/home/mark-lee/seckill/CMakeFiles/CMakeTmp'
Makefile:126: recipe for target 'cmTC_9d1a2/fast' failed
make: *** [cmTC_9d1a2/fast] Error 2


